Started by user Jose Devops Unir
Obtained pipelines/PIPELINE-FULL-STAGING/Jenkinsfile from git git@github.com:jmcastillop/todo-list-aws.git
[Pipeline] Start of Pipeline
[Pipeline] node
Running on Jenkins in /var/lib/jenkins/workspace/Practica 1/PIPELINE-FULL-STAGING
[Pipeline] {
[Pipeline] stage
[Pipeline] { (Declarative: Checkout SCM)
[Pipeline] checkout
Selected Git installation does not exist. Using Default
The recommended git tool is: NONE
using credential github
Cloning the remote Git repository
Cloning repository git@github.com:jmcastillop/todo-list-aws.git
 > git init /var/lib/jenkins/workspace/Practica 1/PIPELINE-FULL-STAGING # timeout=10
Fetching upstream changes from git@github.com:jmcastillop/todo-list-aws.git
 > git --version # timeout=10
 > git --version # 'git version 2.17.1'
using GIT_SSH to set credentials github
 > git fetch --tags --progress -- git@github.com:jmcastillop/todo-list-aws.git +refs/heads/*:refs/remotes/origin/* # timeout=10
 > git config remote.origin.url git@github.com:jmcastillop/todo-list-aws.git # timeout=10
 > git config --add remote.origin.fetch +refs/heads/*:refs/remotes/origin/* # timeout=10
Avoid second fetch
 > git rev-parse refs/remotes/origin/develop^{commit} # timeout=10
Checking out Revision 0e31d9dd901710621642b9e128d9c4df1edf14a0 (refs/remotes/origin/develop)
 > git config core.sparsecheckout # timeout=10
 > git checkout -f 0e31d9dd901710621642b9e128d9c4df1edf14a0 # timeout=10
Commit message: "Se quitan lineas de mÃ¡s por calidad"
 > git rev-list --no-walk 52e1f8ddc461a765cf4dbd02360a39cf0ba773b3 # timeout=10
[Pipeline] }
[Pipeline] // stage
[Pipeline] withEnv
[Pipeline] {
[Pipeline] stage
[Pipeline] { (SetUp)
[Pipeline] echo
Setup Virtualenv for testing
[Pipeline] sh
+ bash pipelines/PIPELINE-FULL-STAGING/setup.sh
+ python3.7 -m venv todo-list-aws
+ source todo-list-aws/bin/activate
++ deactivate nondestructive
++ '[' -n '' ']'
++ '[' -n '' ']'
++ '[' -n /bin/bash -o -n '' ']'
++ hash -r
++ '[' -n '' ']'
++ unset VIRTUAL_ENV
++ '[' '!' nondestructive = nondestructive ']'
++ VIRTUAL_ENV='/var/lib/jenkins/workspace/Practica 1/PIPELINE-FULL-STAGING/todo-list-aws'
++ export VIRTUAL_ENV
++ _OLD_VIRTUAL_PATH=/usr/local/sbin:/usr/local/bin:/usr/sbin:/usr/bin:/sbin:/bin:/snap/bin
++ PATH='/var/lib/jenkins/workspace/Practica 1/PIPELINE-FULL-STAGING/todo-list-aws/bin:/usr/local/sbin:/usr/local/bin:/usr/sbin:/usr/bin:/sbin:/bin:/snap/bin'
++ export PATH
++ '[' -n '' ']'
++ '[' -z '' ']'
++ _OLD_VIRTUAL_PS1=
++ '[' 'x(todo-list-aws) ' '!=' x ']'
++ PS1='(todo-list-aws) '
++ export PS1
++ '[' -n /bin/bash -o -n '' ']'
++ hash -r
+ python -m pip install --upgrade pip
Collecting pip
  Using cached https://files.pythonhosted.org/packages/96/2f/caec18213f6a67852f6997fb0673ae08d2e93d1b81573edb93ba4ef06970/pip-22.1.2-py3-none-any.whl
Installing collected packages: pip
  Found existing installation: pip 9.0.1
    Uninstalling pip-9.0.1:
      Successfully uninstalled pip-9.0.1
Successfully installed pip-22.1.2
+ python -m pip install radon
Collecting radon
  Using cached radon-5.1.0-py2.py3-none-any.whl (52 kB)
Collecting colorama>=0.4.1
  Using cached colorama-0.4.4-py2.py3-none-any.whl (16 kB)
Collecting mando<0.7,>=0.6
  Using cached mando-0.6.4-py2.py3-none-any.whl (29 kB)
Collecting future
  Using cached future-0.18.2.tar.gz (829 kB)
  Preparing metadata (setup.py): started
  Preparing metadata (setup.py): finished with status 'done'
Collecting six
  Using cached six-1.16.0-py2.py3-none-any.whl (11 kB)
Using legacy 'setup.py install' for future, since package 'wheel' is not installed.
Installing collected packages: six, future, colorama, mando, radon
  Running setup.py install for future: started
  Running setup.py install for future: finished with status 'done'
Successfully installed colorama-0.4.4 future-0.18.2 mando-0.6.4 radon-5.1.0 six-1.16.0
+ python -m pip install flake8
Collecting flake8
  Using cached flake8-4.0.1-py2.py3-none-any.whl (64 kB)
Collecting mccabe<0.7.0,>=0.6.0
  Using cached mccabe-0.6.1-py2.py3-none-any.whl (8.6 kB)
Collecting pycodestyle<2.9.0,>=2.8.0
  Using cached pycodestyle-2.8.0-py2.py3-none-any.whl (42 kB)
Collecting importlib-metadata<4.3
  Using cached importlib_metadata-4.2.0-py3-none-any.whl (16 kB)
Collecting pyflakes<2.5.0,>=2.4.0
  Using cached pyflakes-2.4.0-py2.py3-none-any.whl (69 kB)
Collecting zipp>=0.5
  Using cached zipp-3.8.0-py3-none-any.whl (5.4 kB)
Collecting typing-extensions>=3.6.4
  Using cached typing_extensions-4.2.0-py3-none-any.whl (24 kB)
Installing collected packages: mccabe, zipp, typing-extensions, pyflakes, pycodestyle, importlib-metadata, flake8
Successfully installed flake8-4.0.1 importlib-metadata-4.2.0 mccabe-0.6.1 pycodestyle-2.8.0 pyflakes-2.4.0 typing-extensions-4.2.0 zipp-3.8.0
+ python -m pip install flake8-polyfill
Collecting flake8-polyfill
  Using cached flake8_polyfill-1.0.2-py2.py3-none-any.whl (7.3 kB)
Requirement already satisfied: flake8 in ./todo-list-aws/lib/python3.7/site-packages (from flake8-polyfill) (4.0.1)
Requirement already satisfied: mccabe<0.7.0,>=0.6.0 in ./todo-list-aws/lib/python3.7/site-packages (from flake8->flake8-polyfill) (0.6.1)
Requirement already satisfied: importlib-metadata<4.3 in ./todo-list-aws/lib/python3.7/site-packages (from flake8->flake8-polyfill) (4.2.0)
Requirement already satisfied: pycodestyle<2.9.0,>=2.8.0 in ./todo-list-aws/lib/python3.7/site-packages (from flake8->flake8-polyfill) (2.8.0)
Requirement already satisfied: pyflakes<2.5.0,>=2.4.0 in ./todo-list-aws/lib/python3.7/site-packages (from flake8->flake8-polyfill) (2.4.0)
Requirement already satisfied: typing-extensions>=3.6.4 in ./todo-list-aws/lib/python3.7/site-packages (from importlib-metadata<4.3->flake8->flake8-polyfill) (4.2.0)
Requirement already satisfied: zipp>=0.5 in ./todo-list-aws/lib/python3.7/site-packages (from importlib-metadata<4.3->flake8->flake8-polyfill) (3.8.0)
Installing collected packages: flake8-polyfill
Successfully installed flake8-polyfill-1.0.2
+ python -m pip install bandit
Collecting bandit
  Using cached bandit-1.7.4-py3-none-any.whl (118 kB)
Collecting stevedore>=1.20.0
  Using cached stevedore-3.5.0-py3-none-any.whl (49 kB)
Collecting GitPython>=1.0.1
  Using cached GitPython-3.1.27-py3-none-any.whl (181 kB)
Collecting PyYAML>=5.3.1
  Using cached PyYAML-6.0-cp37-cp37m-manylinux_2_5_x86_64.manylinux1_x86_64.manylinux_2_12_x86_64.manylinux2010_x86_64.whl (596 kB)
Requirement already satisfied: typing-extensions>=3.7.4.3 in ./todo-list-aws/lib/python3.7/site-packages (from GitPython>=1.0.1->bandit) (4.2.0)
Collecting gitdb<5,>=4.0.1
  Using cached gitdb-4.0.9-py3-none-any.whl (63 kB)
Requirement already satisfied: importlib-metadata>=1.7.0 in ./todo-list-aws/lib/python3.7/site-packages (from stevedore>=1.20.0->bandit) (4.2.0)
Collecting pbr!=2.1.0,>=2.0.0
  Using cached pbr-5.9.0-py2.py3-none-any.whl (112 kB)
Collecting smmap<6,>=3.0.1
  Using cached smmap-5.0.0-py3-none-any.whl (24 kB)
Requirement already satisfied: zipp>=0.5 in ./todo-list-aws/lib/python3.7/site-packages (from importlib-metadata>=1.7.0->stevedore>=1.20.0->bandit) (3.8.0)
Installing collected packages: smmap, PyYAML, pbr, stevedore, gitdb, GitPython, bandit
Successfully installed GitPython-3.1.27 PyYAML-6.0 bandit-1.7.4 gitdb-4.0.9 pbr-5.9.0 smmap-5.0.0 stevedore-3.5.0
+ python -m pip install pytest
Collecting pytest
  Using cached pytest-7.1.2-py3-none-any.whl (297 kB)
Collecting attrs>=19.2.0
  Using cached attrs-21.4.0-py2.py3-none-any.whl (60 kB)
Collecting pluggy<2.0,>=0.12
  Using cached pluggy-1.0.0-py2.py3-none-any.whl (13 kB)
Collecting iniconfig
  Using cached iniconfig-1.1.1-py2.py3-none-any.whl (5.0 kB)
Collecting tomli>=1.0.0
  Using cached tomli-2.0.1-py3-none-any.whl (12 kB)
Collecting py>=1.8.2
  Using cached py-1.11.0-py2.py3-none-any.whl (98 kB)
Collecting packaging
  Using cached packaging-21.3-py3-none-any.whl (40 kB)
Requirement already satisfied: importlib-metadata>=0.12 in ./todo-list-aws/lib/python3.7/site-packages (from pytest) (4.2.0)
Requirement already satisfied: typing-extensions>=3.6.4 in ./todo-list-aws/lib/python3.7/site-packages (from importlib-metadata>=0.12->pytest) (4.2.0)
Requirement already satisfied: zipp>=0.5 in ./todo-list-aws/lib/python3.7/site-packages (from importlib-metadata>=0.12->pytest) (3.8.0)
Collecting pyparsing!=3.0.5,>=2.0.2
  Using cached pyparsing-3.0.9-py3-none-any.whl (98 kB)
Installing collected packages: iniconfig, tomli, pyparsing, py, attrs, pluggy, packaging, pytest
Successfully installed attrs-21.4.0 iniconfig-1.1.1 packaging-21.3 pluggy-1.0.0 py-1.11.0 pyparsing-3.0.9 pytest-7.1.2 tomli-2.0.1
+ python -m pip install boto3
Collecting boto3
  Using cached boto3-1.24.6-py3-none-any.whl (132 kB)
Collecting jmespath<2.0.0,>=0.7.1
  Using cached jmespath-1.0.0-py3-none-any.whl (23 kB)
Collecting botocore<1.28.0,>=1.27.6
  Using cached botocore-1.27.6-py3-none-any.whl (8.9 MB)
Collecting s3transfer<0.7.0,>=0.6.0
  Using cached s3transfer-0.6.0-py3-none-any.whl (79 kB)
Collecting python-dateutil<3.0.0,>=2.1
  Using cached python_dateutil-2.8.2-py2.py3-none-any.whl (247 kB)
Collecting urllib3<1.27,>=1.25.4
  Using cached urllib3-1.26.9-py2.py3-none-any.whl (138 kB)
Requirement already satisfied: six>=1.5 in ./todo-list-aws/lib/python3.7/site-packages (from python-dateutil<3.0.0,>=2.1->botocore<1.28.0,>=1.27.6->boto3) (1.16.0)
Installing collected packages: urllib3, python-dateutil, jmespath, botocore, s3transfer, boto3
Successfully installed boto3-1.24.6 botocore-1.27.6 jmespath-1.0.0 python-dateutil-2.8.2 s3transfer-0.6.0 urllib3-1.26.9
+ python -m pip install moto
Collecting moto
  Using cached moto-3.1.12-py3-none-any.whl (1.8 MB)
Collecting werkzeug>=0.5
  Using cached Werkzeug-2.1.2-py3-none-any.whl (224 kB)
Collecting MarkupSafe!=2.0.0a1
  Using cached MarkupSafe-2.1.1-cp37-cp37m-manylinux_2_17_x86_64.manylinux2014_x86_64.whl (25 kB)
Collecting Jinja2>=2.10.1
  Using cached Jinja2-3.1.2-py3-none-any.whl (133 kB)
Requirement already satisfied: boto3>=1.9.201 in ./todo-list-aws/lib/python3.7/site-packages (from moto) (1.24.6)
Requirement already satisfied: python-dateutil<3.0.0,>=2.1 in ./todo-list-aws/lib/python3.7/site-packages (from moto) (2.8.2)
Requirement already satisfied: importlib-metadata in ./todo-list-aws/lib/python3.7/site-packages (from moto) (4.2.0)
Collecting requests>=2.5
  Using cached requests-2.28.0-py3-none-any.whl (62 kB)
Collecting cryptography>=3.3.1
  Using cached cryptography-37.0.2-cp36-abi3-manylinux_2_24_x86_64.whl (4.0 MB)
Collecting xmltodict
  Using cached xmltodict-0.13.0-py2.py3-none-any.whl (10.0 kB)
Collecting pytz
  Using cached pytz-2022.1-py2.py3-none-any.whl (503 kB)
Collecting responses>=0.9.0
  Using cached responses-0.21.0-py3-none-any.whl (45 kB)
Requirement already satisfied: botocore>=1.12.201 in ./todo-list-aws/lib/python3.7/site-packages (from moto) (1.27.6)
Requirement already satisfied: jmespath<2.0.0,>=0.7.1 in ./todo-list-aws/lib/python3.7/site-packages (from boto3>=1.9.201->moto) (1.0.0)
Requirement already satisfied: s3transfer<0.7.0,>=0.6.0 in ./todo-list-aws/lib/python3.7/site-packages (from boto3>=1.9.201->moto) (0.6.0)
Requirement already satisfied: urllib3<1.27,>=1.25.4 in ./todo-list-aws/lib/python3.7/site-packages (from botocore>=1.12.201->moto) (1.26.9)
Collecting cffi>=1.12
  Using cached cffi-1.15.0-cp37-cp37m-manylinux_2_12_x86_64.manylinux2010_x86_64.whl (427 kB)
Requirement already satisfied: six>=1.5 in ./todo-list-aws/lib/python3.7/site-packages (from python-dateutil<3.0.0,>=2.1->moto) (1.16.0)
Collecting idna<4,>=2.5
  Using cached idna-3.3-py3-none-any.whl (61 kB)
Collecting certifi>=2017.4.17
  Using cached certifi-2022.5.18.1-py3-none-any.whl (155 kB)
Collecting charset-normalizer~=2.0.0
  Using cached charset_normalizer-2.0.12-py3-none-any.whl (39 kB)
Requirement already satisfied: typing-extensions in ./todo-list-aws/lib/python3.7/site-packages (from responses>=0.9.0->moto) (4.2.0)
Requirement already satisfied: zipp>=0.5 in ./todo-list-aws/lib/python3.7/site-packages (from importlib-metadata->moto) (3.8.0)
Collecting pycparser
  Using cached pycparser-2.21-py2.py3-none-any.whl (118 kB)
Installing collected packages: pytz, xmltodict, werkzeug, pycparser, MarkupSafe, idna, charset-normalizer, certifi, requests, Jinja2, cffi, responses, cryptography, moto
Successfully installed Jinja2-3.1.2 MarkupSafe-2.1.1 certifi-2022.5.18.1 cffi-1.15.0 charset-normalizer-2.0.12 cryptography-37.0.2 idna-3.3 moto-3.1.12 pycparser-2.21 pytz-2022.1 requests-2.28.0 responses-0.21.0 werkzeug-2.1.2 xmltodict-0.13.0
+ python -m pip install mock==4.0.2
Collecting mock==4.0.2
  Using cached mock-4.0.2-py3-none-any.whl (28 kB)
Installing collected packages: mock
Successfully installed mock-4.0.2
+ python -m pip install coverage==4.5.4
Collecting coverage==4.5.4
  Using cached coverage-4.5.4-cp37-cp37m-manylinux1_x86_64.whl (205 kB)
Installing collected packages: coverage
Successfully installed coverage-4.5.4
+ pwd
/var/lib/jenkins/workspace/Practica 1/PIPELINE-FULL-STAGING
[Pipeline] }
[Pipeline] // stage
[Pipeline] stage
[Pipeline] { (Test)
[Pipeline] echo
Static program analysis:
[Pipeline] sh
+ bash pipelines/PIPELINE-FULL-STAGING/static_test.sh
++ radon cc src -nc
++ wc -l
+ RAD_ERRORS=0
+ [[ 0 -ne 0 ]]
++ radon mi src -nc
++ wc -l
+ RAD_ERRORS=0
+ [[ 0 -ne 0 ]]
+ flake8 src/__init__.py src/create.py src/decimalencoder.py src/delete.py src/get.py src/list.py src/todoList.py src/update.py
+ [[ 0 -ne 0 ]]
+ bandit src/__init__.py src/create.py src/decimalencoder.py src/delete.py src/get.py src/list.py src/todoList.py src/update.py
[main]	INFO	profile include tests: None
[main]	INFO	profile exclude tests: None
[main]	INFO	cli include tests: None
[main]	INFO	cli exclude tests: None
[main]	INFO	running on Python 3.7.5
Run started:2022-06-10 18:37:18.900055

Test results:
	No issues identified.

Code scanned:
	Total lines of code: 194
	Total lines skipped (#nosec): 0
	Total potential issues skipped due to specifically being disabled (e.g., #nosec BXXX): 0

Run metrics:
	Total issues (by severity):
		Undefined: 0
		Low: 0
		Medium: 0
		High: 0
	Total issues (by confidence):
		Undefined: 0
		Low: 0
		Medium: 0
		High: 0
Files skipped (0):
+ [[ 0 -ne 0 ]]
[Pipeline] echo
Unit testing:
[Pipeline] sh
+ bash pipelines/PIPELINE-FULL-STAGING/unit_test.sh
++ pwd
+ export 'PYTHONPATH=:/var/lib/jenkins/workspace/Practica 1/PIPELINE-FULL-STAGING'
+ PYTHONPATH=':/var/lib/jenkins/workspace/Practica 1/PIPELINE-FULL-STAGING'
+ echo 'PYTHONPATH: :/var/lib/jenkins/workspace/Practica 1/PIPELINE-FULL-STAGING'
PYTHONPATH: :/var/lib/jenkins/workspace/Practica 1/PIPELINE-FULL-STAGING
+ export DYNAMODB_TABLE=todoUnitTestsTable
+ DYNAMODB_TABLE=todoUnitTestsTable
+ python test/unit/TestToDo.py
/var/lib/jenkins/workspace/Practica 1/PIPELINE-FULL-STAGING/todo-list-aws/lib/python3.7/site-packages/moto/__init__.py:27: UserWarning: Module mock_dynamodb2 has been deprecated, and will be removed in a later release. Please use mock_dynamodb instead. See https://github.com/spulec/moto/issues/4526 for more information.
  f"Module {used} has been deprecated, and will be removed in a later release. Please use {recommended} instead. "
.........
----------------------------------------------------------------------
Ran 9 tests in 0.784s

OK
---------------------
Start: setUp
Creating Table with name:todoUnitTestsTable
End: setUp
---------------------
Start: test_delete_todo
Table name:todoUnitTestsTable
Response PutItem{'statusCode': 200, 'body': '{"id": "5bf46d10-e8ec-11ec-af83-129cc5bc5a63", "text": "Aprender DevOps y Cloud en la UNIR", "checked": false, "createdAt": "1654886239.4125035", "updatedAt": "1654886239.4125035"}'}
Id item:5bf46d10-e8ec-11ec-af83-129cc5bc5a63
Item deleted succesfully
End: test_delete_todo
---------------------
Start: tearDown
Table deleted succesfully
End: tearDown
---------------------
Start: setUp
Creating Table with name:todoUnitTestsTable
End: setUp
---------------------
Start: test_delete_todo_error
End: test_delete_todo_error
---------------------
Start: tearDown
Table deleted succesfully
End: tearDown
---------------------
Start: setUp
Creating Table with name:todoUnitTestsTable
End: setUp
---------------------
Start: test_get_todo
Table name:todoUnitTestsTable
Response put_item:{'statusCode': 200, 'body': '{"id": "5bf46d11-e8ec-11ec-af83-129cc5bc5a63", "text": "Aprender DevOps y Cloud en la UNIR", "checked": false, "createdAt": "1654886239.5858483", "updatedAt": "1654886239.5858483"}'}
Id item:5bf46d11-e8ec-11ec-af83-129cc5bc5a63
Result getItem:{'Item': {'id': '5bf46d11-e8ec-11ec-af83-129cc5bc5a63', 'text': 'Aprender DevOps y Cloud en la UNIR', 'checked': False, 'createdAt': '1654886239.5858483', 'updatedAt': '1654886239.5858483'}, 'ResponseMetadata': {'RequestId': 'PQWZ6D33T049LL3SLZ39MX2OSZ57Z7JIPT3FTQXSFCQ03TICC8VH', 'HTTPStatusCode': 200, 'HTTPHeaders': {'server': 'amazon.com', 'x-amzn-requestid': 'PQWZ6D33T049LL3SLZ39MX2OSZ57Z7JIPT3FTQXSFCQ03TICC8VH', 'x-amz-crc32': '2568106085'}, 'RetryAttempts': 0}}
Response Get:{'id': '5bf46d11-e8ec-11ec-af83-129cc5bc5a63', 'text': 'Aprender DevOps y Cloud en la UNIR', 'checked': False, 'createdAt': '1654886239.5858483', 'updatedAt': '1654886239.5858483'}
End: test_get_todo
---------------------
Start: tearDown
Table deleted succesfully
End: tearDown
---------------------
Start: setUp
Creating Table with name:todoUnitTestsTable
End: setUp
---------------------
Start: test_list_todo
Table name:todoUnitTestsTable
Response GetItems[{'id': '5bf46d12-e8ec-11ec-af83-129cc5bc5a63', 'text': 'Aprender DevOps y Cloud en la UNIR', 'checked': False, 'createdAt': '1654886239.664028', 'updatedAt': '1654886239.664028'}]
End: test_list_todo
---------------------
Start: tearDown
Table deleted succesfully
End: tearDown
---------------------
Start: setUp
Creating Table with name:todoUnitTestsTable
End: setUp
---------------------
Start: test_put_todo
Table name:todoUnitTestsTable
Response put_item:{'statusCode': 200, 'body': '{"id": "5bf46d13-e8ec-11ec-af83-129cc5bc5a63", "text": "Aprender DevOps y Cloud en la UNIR", "checked": false, "createdAt": "1654886239.8050492", "updatedAt": "1654886239.8050492"}'}
End: test_put_todo
---------------------
Start: tearDown
Table deleted succesfully
End: tearDown
---------------------
Start: setUp
Creating Table with name:todoUnitTestsTable
End: setUp
---------------------
Start: test_put_todo_error
Table name:todoUnitTestsTable
Table name:todoUnitTestsTable
End: test_put_todo_error
---------------------
Start: tearDown
Table deleted succesfully
End: tearDown
---------------------
Start: setUp
Creating Table with name:todoUnitTestsTable
End: setUp
---------------------
Start: test_table_exists
Table name:todoUnitTestsTable
End: test_table_exists
---------------------
Start: tearDown
Table deleted succesfully
End: tearDown
---------------------
Start: setUp
Creating Table with name:todoUnitTestsTable
End: setUp
---------------------
Start: test_update_todo
Table name:todoUnitTestsTable
Response PutItem{'statusCode': 200, 'body': '{"id": "5bf46d16-e8ec-11ec-af83-129cc5bc5a63", "text": "Aprender DevOps y Cloud en la UNIR", "checked": false, "createdAt": "1654886240.0122647", "updatedAt": "1654886240.0122647"}'}
Id item:5bf46d16-e8ec-11ec-af83-129cc5bc5a63
Result Update Item:{'id': '5bf46d16-e8ec-11ec-af83-129cc5bc5a63', 'text': 'Aprender mÃ¡s cosas que DevOps y Cloud en la UNIR', 'checked': 'false', 'createdAt': '1654886240.0122647', 'updatedAt': Decimal('1654886240018')}
End: test_update_todo
---------------------
Start: tearDown
Table deleted succesfully
End: tearDown
---------------------
Start: setUp
Creating Table with name:todoUnitTestsTable
End: setUp
---------------------
Start: atest_update_todo_error
Table name:todoUnitTestsTable
Response PutItem{'statusCode': 200, 'body': '{"id": "5bf46d17-e8ec-11ec-af83-129cc5bc5a63", "text": "Aprender DevOps y Cloud en la UNIR", "checked": false, "createdAt": "1654886240.0945632", "updatedAt": "1654886240.0945632"}'}
End: atest_update_todo_error
---------------------
Start: tearDown
Table deleted succesfully
End: tearDown
+ pip show coverage
Name: coverage
Version: 4.5.4
Summary: Code coverage measurement for Python
Home-page: https://github.com/nedbat/coveragepy
Author: Ned Batchelder and 100 others
Author-email: ned@nedbatchelder.com
License: Apache 2.0
Location: /var/lib/jenkins/workspace/Practica 1/PIPELINE-FULL-STAGING/todo-list-aws/lib/python3.7/site-packages
Requires: 
Required-by: 
+ coverage run --include=src/todoList.py test/unit/TestToDo.py
/var/lib/jenkins/workspace/Practica 1/PIPELINE-FULL-STAGING/todo-list-aws/lib/python3.7/site-packages/moto/__init__.py:27: UserWarning: Module mock_dynamodb2 has been deprecated, and will be removed in a later release. Please use mock_dynamodb instead. See https://github.com/spulec/moto/issues/4526 for more information.
  f"Module {used} has been deprecated, and will be removed in a later release. Please use {recommended} instead. "
.........
----------------------------------------------------------------------
Ran 9 tests in 1.048s

OK
---------------------
Start: setUp
Creating Table with name:todoUnitTestsTable
End: setUp
---------------------
Start: test_delete_todo
Table name:todoUnitTestsTable
Response PutItem{'statusCode': 200, 'body': '{"id": "5d2e7356-e8ec-11ec-af83-129cc5bc5a63", "text": "Aprender DevOps y Cloud en la UNIR", "checked": false, "createdAt": "1654886241.4823205", "updatedAt": "1654886241.4823205"}'}
Id item:5d2e7356-e8ec-11ec-af83-129cc5bc5a63
Item deleted succesfully
End: test_delete_todo
---------------------
Start: tearDown
Table deleted succesfully
End: tearDown
---------------------
Start: setUp
Creating Table with name:todoUnitTestsTable
End: setUp
---------------------
Start: test_delete_todo_error
End: test_delete_todo_error
---------------------
Start: tearDown
Table deleted succesfully
End: tearDown
---------------------
Start: setUp
Creating Table with name:todoUnitTestsTable
End: setUp
---------------------
Start: test_get_todo
Table name:todoUnitTestsTable
Response put_item:{'statusCode': 200, 'body': '{"id": "5d2e7357-e8ec-11ec-af83-129cc5bc5a63", "text": "Aprender DevOps y Cloud en la UNIR", "checked": false, "createdAt": "1654886241.6823237", "updatedAt": "1654886241.6823237"}'}
Id item:5d2e7357-e8ec-11ec-af83-129cc5bc5a63
Result getItem:{'Item': {'id': '5d2e7357-e8ec-11ec-af83-129cc5bc5a63', 'text': 'Aprender DevOps y Cloud en la UNIR', 'checked': False, 'createdAt': '1654886241.6823237', 'updatedAt': '1654886241.6823237'}, 'ResponseMetadata': {'RequestId': 'C6LCYG606BZP7N6MVQAF5886KDKUB9QL606M6BR7KVH4YLCCVXJ2', 'HTTPStatusCode': 200, 'HTTPHeaders': {'server': 'amazon.com', 'x-amzn-requestid': 'C6LCYG606BZP7N6MVQAF5886KDKUB9QL606M6BR7KVH4YLCCVXJ2', 'x-amz-crc32': '1567324197'}, 'RetryAttempts': 0}}
Response Get:{'id': '5d2e7357-e8ec-11ec-af83-129cc5bc5a63', 'text': 'Aprender DevOps y Cloud en la UNIR', 'checked': False, 'createdAt': '1654886241.6823237', 'updatedAt': '1654886241.6823237'}
End: test_get_todo
---------------------
Start: tearDown
Table deleted succesfully
End: tearDown
---------------------
Start: setUp
Creating Table with name:todoUnitTestsTable
End: setUp
---------------------
Start: test_list_todo
Table name:todoUnitTestsTable
Response GetItems[{'id': '5d2e7358-e8ec-11ec-af83-129cc5bc5a63', 'text': 'Aprender DevOps y Cloud en la UNIR', 'checked': False, 'createdAt': '1654886241.8396156', 'updatedAt': '1654886241.8396156'}]
End: test_list_todo
---------------------
Start: tearDown
Table deleted succesfully
End: tearDown
---------------------
Start: setUp
Creating Table with name:todoUnitTestsTable
End: setUp
---------------------
Start: test_put_todo
Table name:todoUnitTestsTable
Response put_item:{'statusCode': 200, 'body': '{"id": "5d2e7359-e8ec-11ec-af83-129cc5bc5a63", "text": "Aprender DevOps y Cloud en la UNIR", "checked": false, "createdAt": "1654886241.938737", "updatedAt": "1654886241.938737"}'}
End: test_put_todo
---------------------
Start: tearDown
Table deleted succesfully
End: tearDown
---------------------
Start: setUp
Creating Table with name:todoUnitTestsTable
End: setUp
---------------------
Start: test_put_todo_error
Table name:todoUnitTestsTable
Table name:todoUnitTestsTable
End: test_put_todo_error
---------------------
Start: tearDown
Table deleted succesfully
End: tearDown
---------------------
Start: setUp
Creating Table with name:todoUnitTestsTable
End: setUp
---------------------
Start: test_table_exists
Table name:todoUnitTestsTable
End: test_table_exists
---------------------
Start: tearDown
Table deleted succesfully
End: tearDown
---------------------
Start: setUp
Creating Table with name:todoUnitTestsTable
End: setUp
---------------------
Start: test_update_todo
Table name:todoUnitTestsTable
Response PutItem{'statusCode': 200, 'body': '{"id": "5d2e735c-e8ec-11ec-af83-129cc5bc5a63", "text": "Aprender DevOps y Cloud en la UNIR", "checked": false, "createdAt": "1654886242.217411", "updatedAt": "1654886242.217411"}'}
Id item:5d2e735c-e8ec-11ec-af83-129cc5bc5a63
Result Update Item:{'id': '5d2e735c-e8ec-11ec-af83-129cc5bc5a63', 'text': 'Aprender mÃ¡s cosas que DevOps y Cloud en la UNIR', 'checked': 'false', 'createdAt': '1654886242.217411', 'updatedAt': Decimal('1654886242221')}
End: test_update_todo
---------------------
Start: tearDown
Table deleted succesfully
End: tearDown
---------------------
Start: setUp
Creating Table with name:todoUnitTestsTable
End: setUp
---------------------
Start: atest_update_todo_error
Table name:todoUnitTestsTable
Response PutItem{'statusCode': 200, 'body': '{"id": "5d2e735d-e8ec-11ec-af83-129cc5bc5a63", "text": "Aprender DevOps y Cloud en la UNIR", "checked": false, "createdAt": "1654886242.3981328", "updatedAt": "1654886242.3981328"}'}
End: atest_update_todo_error
---------------------
Start: tearDown
Table deleted succesfully
End: tearDown
+ coverage report -m
Name              Stmts   Miss  Cover   Missing
-----------------------------------------------
src/todoList.py      64     15    77%   12-18, 33-34, 68-69, 97-98, 113-114, 146
+ coverage xml
Post stage
[Pipeline] script
[Pipeline] {
[Pipeline] publishCoverage
Publishing Coverage report....
A total of 1 reports were found
Report coverage diff: 0.0%. Add to CoverageResult.
Group coverage diff: 0.0%. Add to CoverageResult.
Package coverage diff: 0.0%. Add to CoverageResult.
File coverage diff: 0.0%. Add to CoverageResult.
Class coverage diff: 0.0%. Add to CoverageResult.
Line coverage diff: 4.5036774%. Add to CoverageResult.
[Coverage] Computing coverage delta report
[Coverage] Reference build recorder is not configured
[Coverage] -> No reference build defined, falling back to previous build
[Coverage] -> Found reference result 'io.jenkins.plugins.coverage.CoverageAction@198d61d'
Code coverage enforcement failed: Line coverage in Report level 'cobertura: coverage.xml' is lower than 80.00 healthy threshold
io.jenkins.plugins.coverage.exception.CoverageException: Build failed because following metrics did not meet health target: [Line {unstableThreshold=0.0, unhealthyThreshold=80.0}].
	at io.jenkins.plugins.coverage.CoverageProcessor.processThresholds(CoverageProcessor.java:535)
	at io.jenkins.plugins.coverage.CoverageProcessor.performCoverageReport(CoverageProcessor.java:142)
	at io.jenkins.plugins.coverage.CoveragePublisher.perform(CoveragePublisher.java:99)
	at jenkins.tasks.SimpleBuildStep.perform(SimpleBuildStep.java:123)
	at org.jenkinsci.plugins.workflow.steps.CoreStep$Execution.run(CoreStep.java:101)
	at org.jenkinsci.plugins.workflow.steps.CoreStep$Execution.run(CoreStep.java:71)
	at org.jenkinsci.plugins.workflow.steps.SynchronousNonBlockingStepExecution.lambda$start$0(SynchronousNonBlockingStepExecution.java:47)
	at java.base/java.util.concurrent.Executors$RunnableAdapter.call(Executors.java:515)
	at java.base/java.util.concurrent.FutureTask.run(FutureTask.java:264)
	at java.base/java.util.concurrent.ThreadPoolExecutor.runWorker(ThreadPoolExecutor.java:1128)
	at java.base/java.util.concurrent.ThreadPoolExecutor$Worker.run(ThreadPoolExecutor.java:628)
	at java.base/java.lang.Thread.run(Thread.java:829)

[Pipeline] }
[Pipeline] // script
Error when executing always post condition:
java.lang.NullPointerException
	at io.jenkins.plugins.coverage.CoverageChecksPublisher.extractHealthSummary(CoverageChecksPublisher.java:190)
	at io.jenkins.plugins.coverage.CoverageChecksPublisher.extractChecksDetails(CoverageChecksPublisher.java:61)
	at io.jenkins.plugins.coverage.CoverageChecksPublisher.publishChecks(CoverageChecksPublisher.java:53)
	at io.jenkins.plugins.coverage.CoveragePublisher.perform(CoveragePublisher.java:110)
	at jenkins.tasks.SimpleBuildStep.perform(SimpleBuildStep.java:123)
	at org.jenkinsci.plugins.workflow.steps.CoreStep$Execution.run(CoreStep.java:101)
	at org.jenkinsci.plugins.workflow.steps.CoreStep$Execution.run(CoreStep.java:71)
	at org.jenkinsci.plugins.workflow.steps.SynchronousNonBlockingStepExecution.lambda$start$0(SynchronousNonBlockingStepExecution.java:47)
	at java.base/java.util.concurrent.Executors$RunnableAdapter.call(Executors.java:515)
	at java.base/java.util.concurrent.FutureTask.run(FutureTask.java:264)
	at java.base/java.util.concurrent.ThreadPoolExecutor.runWorker(ThreadPoolExecutor.java:1128)
	at java.base/java.util.concurrent.ThreadPoolExecutor$Worker.run(ThreadPoolExecutor.java:628)
	at java.base/java.lang.Thread.run(Thread.java:829)

[Pipeline] }
[Pipeline] // stage
[Pipeline] stage
[Pipeline] { (Build)
Stage "Build" skipped due to earlier failure(s)
[Pipeline] }
[Pipeline] // stage
[Pipeline] stage
[Pipeline] { (Deploy)
Stage "Deploy" skipped due to earlier failure(s)
[Pipeline] }
[Pipeline] // stage
[Pipeline] stage
[Pipeline] { (Integration Test after deploy)
Stage "Integration Test after deploy" skipped due to earlier failure(s)
[Pipeline] }
[Pipeline] // stage
[Pipeline] stage
[Pipeline] { (Declarative: Post Actions)
[Pipeline] echo
Clean env: delete dir
[Pipeline] cleanWs
[WS-CLEANUP] Deleting project workspace...
[WS-CLEANUP] Deferred wipeout is used...
[WS-CLEANUP] done
[Pipeline] }
[Pipeline] // stage
[Pipeline] }
[Pipeline] // withEnv
[Pipeline] }
[Pipeline] // node
[Pipeline] End of Pipeline
java.lang.NullPointerException
	at io.jenkins.plugins.coverage.CoverageChecksPublisher.extractHealthSummary(CoverageChecksPublisher.java:190)
	at io.jenkins.plugins.coverage.CoverageChecksPublisher.extractChecksDetails(CoverageChecksPublisher.java:61)
	at io.jenkins.plugins.coverage.CoverageChecksPublisher.publishChecks(CoverageChecksPublisher.java:53)
	at io.jenkins.plugins.coverage.CoveragePublisher.perform(CoveragePublisher.java:110)
	at jenkins.tasks.SimpleBuildStep.perform(SimpleBuildStep.java:123)
	at org.jenkinsci.plugins.workflow.steps.CoreStep$Execution.run(CoreStep.java:101)
	at org.jenkinsci.plugins.workflow.steps.CoreStep$Execution.run(CoreStep.java:71)
	at org.jenkinsci.plugins.workflow.steps.SynchronousNonBlockingStepExecution.lambda$start$0(SynchronousNonBlockingStepExecution.java:47)
	at java.base/java.util.concurrent.Executors$RunnableAdapter.call(Executors.java:515)
	at java.base/java.util.concurrent.FutureTask.run(FutureTask.java:264)
	at java.base/java.util.concurrent.ThreadPoolExecutor.runWorker(ThreadPoolExecutor.java:1128)
	at java.base/java.util.concurrent.ThreadPoolExecutor$Worker.run(ThreadPoolExecutor.java:628)
	at java.base/java.lang.Thread.run(Thread.java:829)
Finished: FAILURE